<?xml version="1.0" encoding="UTF-8"?>
<testsuite name="CalculadoraTest" tests="1" skipped="0" failures="0" errors="0" timestamp="2022-03-04T00:39:11" hostname="DESKTOP-3ELUHO9" time="0.062">
  <properties/>
  <testcase name="Should sum two numbers and return your sum" classname="CalculadoraTest" time="0.062"/>
  <system-out><![CDATA[]]></system-out>
  <system-err><![CDATA[]]></system-err>
</testsuite>
